<?xml version="1.0" encoding="UTF-8"?>
<coverage generated="1689841281908" clover="3.2.0">
  <project timestamp="1689841281908" name="All files">
    <metrics statements="19" coveredstatements="15" conditionals="0" coveredconditionals="0" methods="4" coveredmethods="3" elements="23" coveredelements="18" complexity="0" loc="19" ncloc="19" packages="1" files="2" classes="2"/>
    <file name="additem.js" path="/Users/joyce/Documents/Microverse/best-practice/src/additem.js">
      <metrics statements="7" coveredstatements="7" conditionals="0" coveredconditionals="0" methods="1" coveredmethods="1"/>
      <line num="4" count="1" type="stmt"/>
      <line num="5" count="1" type="stmt"/>
      <line num="7" count="1" type="stmt"/>
      <line num="8" count="1" type="stmt"/>
      <line num="13" count="1" type="stmt"/>
      <line num="15" count="1" type="stmt"/>
      <line num="16" count="1" type="stmt"/>
    </file>
    <file name="items.js" path="/Users/joyce/Documents/Microverse/best-practice/src/items.js">
      <metrics statements="12" coveredstatements="8" conditionals="0" coveredconditionals="0" methods="3" coveredmethods="2"/>
      <line num="3" count="1" type="stmt"/>
      <line num="4" count="0" type="stmt"/>
      <line num="5" count="0" type="stmt"/>
      <line num="6" count="0" type="stmt"/>
      <line num="7" count="0" type="stmt"/>
      <line num="10" count="1" type="stmt"/>
      <line num="11" count="1" type="stmt"/>
      <line num="12" count="1" type="stmt"/>
      <line num="15" count="1" type="stmt"/>
      <line num="16" count="3" type="stmt"/>
      <line num="17" count="3" type="stmt"/>
      <line num="20" count="1" type="stmt"/>
    </file>
  </project>
</coverage>
